2024-11-01 05:50:59.946 +01:00 [INF] Executed DbCommand (164ms) [Parameters=[], CommandType='"Text"', CommandTimeout='30']
SELECT `c`.`id`, `c`.`active`, `c`.`address`, `c`.`name`
FROM `cex` AS `c`
WHERE `c`.`active`
2024-11-01 05:51:07.278 +01:00 [INF] GroupService running.
2024-11-01 05:51:08.404 +01:00 [INF] Executed DbCommand (91ms) [Parameters=[], CommandType='"Text"', CommandTimeout='30']
SELECT `c`.`id`, `c`.`active`, `c`.`address`, `c`.`name`
FROM `cex` AS `c`
WHERE `c`.`active`
2024-11-01 05:51:09.348 +01:00 [INF] Now listening on: https://localhost:7066
2024-11-01 05:51:09.348 +01:00 [INF] Now listening on: http://localhost:5168
2024-11-01 05:51:09.349 +01:00 [INF] Application started. Press Ctrl+C to shut down.
2024-11-01 05:51:09.351 +01:00 [INF] Hosting environment: Development
2024-11-01 05:51:09.351 +01:00 [INF] Content root path: C:\Users\kvist\solana\nattbakka\nattbakka-server
2024-11-01 05:51:44.900 +01:00 [INF] Saved 1 entities to in-memory store.
2024-11-01 05:51:46.445 +01:00 [INF] Saved 1 entities to in-memory store.
2024-11-01 05:51:46.445 +01:00 [INF] Saved 1 entities to in-memory store.
2024-11-01 05:51:47.423 +01:00 [INF] Saved 1 entities to in-memory store.
2024-11-01 05:51:50.393 +01:00 [INF] Saved 1 entities to in-memory store.
2024-11-01 05:51:50.478 +01:00 [INF] Request starting HTTP/2 GET https://localhost:7066/swagger/index.html - null null
2024-11-01 05:51:50.922 +01:00 [INF] Request finished HTTP/2 GET https://localhost:7066/swagger/index.html - 200 null text/html;charset=utf-8 454.4795ms
2024-11-01 05:51:51.267 +01:00 [INF] Request starting HTTP/2 GET https://localhost:7066/swagger/index.js - null null
2024-11-01 05:51:51.274 +01:00 [INF] Request finished HTTP/2 GET https://localhost:7066/swagger/index.js - 200 null application/javascript;charset=utf-8 6.9337ms
2024-11-01 05:51:52.870 +01:00 [INF] Request starting HTTP/2 GET https://localhost:7066/swagger/index.html - null null
2024-11-01 05:51:52.874 +01:00 [INF] Request finished HTTP/2 GET https://localhost:7066/swagger/index.html - 200 null text/html;charset=utf-8 3.53ms
2024-11-01 05:51:52.942 +01:00 [INF] Request starting HTTP/2 GET https://localhost:7066/swagger/index.js - null null
2024-11-01 05:51:52.943 +01:00 [INF] Request finished HTTP/2 GET https://localhost:7066/swagger/index.js - 200 null application/javascript;charset=utf-8 0.882ms
2024-11-01 05:51:53.773 +01:00 [INF] Request starting HTTP/2 GET https://localhost:7066/swagger/v1/swagger.json - null null
2024-11-01 05:51:55.319 +01:00 [INF] Request finished HTTP/2 GET https://localhost:7066/swagger/v1/swagger.json - 200 null application/json;charset=utf-8 1546.6177ms
2024-11-01 05:51:59.863 +01:00 [INF] Request starting HTTP/2 GET https://localhost:7066/api/Transactions - null null
2024-11-01 05:51:59.883 +01:00 [INF] Executing endpoint 'nattbakka_server.Controllers.TransactionsController.Gettransaction (nattbakka-server)'
2024-11-01 05:51:59.949 +01:00 [INF] Route matched with {action = "Gettransaction", controller = "Transactions"}. Executing controller action with signature System.Threading.Tasks.Task`1[Microsoft.AspNetCore.Mvc.ActionResult`1[System.Collections.Generic.IEnumerable`1[nattbakka_server.Models.Transaction]]] Gettransaction() on controller nattbakka_server.Controllers.TransactionsController (nattbakka-server).
2024-11-01 05:51:59.969 +01:00 [INF] Executing action method nattbakka_server.Controllers.TransactionsController.Gettransaction (nattbakka-server) - Validation state: "Valid"
2024-11-01 05:52:00.012 +01:00 [INF] Executed action method nattbakka_server.Controllers.TransactionsController.Gettransaction (nattbakka-server), returned result Microsoft.AspNetCore.Mvc.ObjectResult in 34.3075ms.
2024-11-01 05:52:00.039 +01:00 [INF] Executing ObjectResult, writing value of type 'System.Collections.Generic.List`1[[nattbakka_server.Models.Transaction, nattbakka-server, Version=1.0.0.0, Culture=neutral, PublicKeyToken=null]]'.
2024-11-01 05:52:00.114 +01:00 [INF] Executed action nattbakka_server.Controllers.TransactionsController.Gettransaction (nattbakka-server) in 158.6622ms
2024-11-01 05:52:00.115 +01:00 [INF] Executed endpoint 'nattbakka_server.Controllers.TransactionsController.Gettransaction (nattbakka-server)'
2024-11-01 05:52:00.117 +01:00 [INF] Request finished HTTP/2 GET https://localhost:7066/api/Transactions - 200 null application/json; charset=utf-8 254.252ms
2024-11-01 05:52:11.289 +01:00 [INF] Application is shutting down...
2024-11-01 06:05:15.453 +01:00 [INF] Executed DbCommand (721ms) [Parameters=[], CommandType='"Text"', CommandTimeout='30']
SELECT `c`.`id`, `c`.`active`, `c`.`address`, `c`.`name`
FROM `cex` AS `c`
WHERE `c`.`active`
2024-11-01 06:05:22.050 +01:00 [INF] GroupService running.
2024-11-01 06:05:26.997 +01:00 [INF] Executed DbCommand (565ms) [Parameters=[], CommandType='"Text"', CommandTimeout='30']
SELECT `c`.`id`, `c`.`active`, `c`.`address`, `c`.`name`
FROM `cex` AS `c`
WHERE `c`.`active`
2024-11-01 06:05:30.293 +01:00 [INF] Now listening on: https://localhost:7066
2024-11-01 06:05:30.293 +01:00 [INF] Now listening on: http://localhost:5168
2024-11-01 06:05:30.294 +01:00 [INF] Application started. Press Ctrl+C to shut down.
2024-11-01 06:05:30.297 +01:00 [INF] Hosting environment: Development
2024-11-01 06:05:30.297 +01:00 [INF] Content root path: C:\Users\kvist\solana\nattbakka\nattbakka-server
2024-11-01 06:05:41.334 +01:00 [INF] Request starting HTTP/2 GET https://localhost:7066/swagger/index.html - null null
2024-11-01 06:05:41.730 +01:00 [INF] Request finished HTTP/2 GET https://localhost:7066/swagger/index.html - 200 null text/html;charset=utf-8 400.3867ms
2024-11-01 06:05:43.167 +01:00 [INF] Saved 1 entities to in-memory store.
2024-11-01 06:05:43.167 +01:00 [INF] Saved 1 entities to in-memory store.
2024-11-01 06:05:43.835 +01:00 [INF] Saved 1 entities to in-memory store.
2024-11-01 06:05:43.836 +01:00 [INF] Saved 1 entities to in-memory store.
2024-11-01 06:05:43.948 +01:00 [INF] Saved 1 entities to in-memory store.
2024-11-01 06:05:44.109 +01:00 [INF] Saved 1 entities to in-memory store.
2024-11-01 06:05:45.483 +01:00 [INF] Request starting HTTP/2 GET https://localhost:7066/swagger/index.js - null null
2024-11-01 06:05:45.489 +01:00 [INF] Request finished HTTP/2 GET https://localhost:7066/swagger/index.js - 200 null application/javascript;charset=utf-8 5.7309ms
2024-11-01 06:05:48.029 +01:00 [INF] Request starting HTTP/2 GET https://localhost:7066/swagger/v1/swagger.json - null null
2024-11-01 06:05:48.984 +01:00 [INF] Request finished HTTP/2 GET https://localhost:7066/swagger/v1/swagger.json - 200 null application/json;charset=utf-8 955.104ms
2024-11-01 06:05:58.185 +01:00 [INF] Saved 1 entities to in-memory store.
2024-11-01 06:06:04.136 +01:00 [INF] Saved 1 entities to in-memory store.
2024-11-01 06:06:04.318 +01:00 [INF] Saved 1 entities to in-memory store.
2024-11-01 06:06:05.067 +01:00 [INF] Saved 1 entities to in-memory store.
2024-11-01 06:06:05.071 +01:00 [INF] Saved 1 entities to in-memory store.
2024-11-01 06:06:05.900 +01:00 [INF] Saved 1 entities to in-memory store.
2024-11-01 06:06:07.767 +01:00 [INF] Request starting HTTP/2 GET https://localhost:7066/api/Groups - null null
2024-11-01 06:06:07.778 +01:00 [INF] Executing endpoint 'nattbakka_server.Controllers.GroupsController.Getcex_group (nattbakka-server)'
2024-11-01 06:06:07.816 +01:00 [INF] Route matched with {action = "Getcex_group", controller = "Groups"}. Executing controller action with signature System.Threading.Tasks.Task`1[Microsoft.AspNetCore.Mvc.ActionResult`1[System.Collections.Generic.IEnumerable`1[nattbakka_server.Models.Group]]] Getcex_group() on controller nattbakka_server.Controllers.GroupsController (nattbakka-server).
2024-11-01 06:06:07.829 +01:00 [INF] Executing action method nattbakka_server.Controllers.GroupsController.Getcex_group (nattbakka-server) - Validation state: "Valid"
2024-11-01 06:06:07.843 +01:00 [INF] Executed action method nattbakka_server.Controllers.GroupsController.Getcex_group (nattbakka-server), returned result Microsoft.AspNetCore.Mvc.ObjectResult in 8.1659ms.
2024-11-01 06:06:07.858 +01:00 [INF] Executing ObjectResult, writing value of type 'System.Collections.Generic.List`1[[nattbakka_server.Models.Group, nattbakka-server, Version=1.0.0.0, Culture=neutral, PublicKeyToken=null]]'.
2024-11-01 06:06:07.886 +01:00 [INF] Executed action nattbakka_server.Controllers.GroupsController.Getcex_group (nattbakka-server) in 62.5941ms
2024-11-01 06:06:07.887 +01:00 [INF] Executed endpoint 'nattbakka_server.Controllers.GroupsController.Getcex_group (nattbakka-server)'
2024-11-01 06:06:07.889 +01:00 [INF] Request finished HTTP/2 GET https://localhost:7066/api/Groups - 200 null application/json; charset=utf-8 121.6085ms
2024-11-01 06:06:15.312 +01:00 [INF] Request starting HTTP/2 GET https://localhost:7066/api/Transactions - null null
2024-11-01 06:06:15.313 +01:00 [INF] Executing endpoint 'nattbakka_server.Controllers.TransactionsController.Gettransaction (nattbakka-server)'
2024-11-01 06:06:15.321 +01:00 [INF] Route matched with {action = "Gettransaction", controller = "Transactions"}. Executing controller action with signature System.Threading.Tasks.Task`1[Microsoft.AspNetCore.Mvc.ActionResult`1[System.Collections.Generic.IEnumerable`1[nattbakka_server.Models.Transaction]]] Gettransaction() on controller nattbakka_server.Controllers.TransactionsController (nattbakka-server).
2024-11-01 06:06:15.322 +01:00 [INF] Executing action method nattbakka_server.Controllers.TransactionsController.Gettransaction (nattbakka-server) - Validation state: "Valid"
2024-11-01 06:06:15.332 +01:00 [INF] Executed action method nattbakka_server.Controllers.TransactionsController.Gettransaction (nattbakka-server), returned result Microsoft.AspNetCore.Mvc.ObjectResult in 9.74ms.
2024-11-01 06:06:15.333 +01:00 [INF] Executing ObjectResult, writing value of type 'System.Collections.Generic.List`1[[nattbakka_server.Models.Transaction, nattbakka-server, Version=1.0.0.0, Culture=neutral, PublicKeyToken=null]]'.
2024-11-01 06:06:15.357 +01:00 [INF] Executed action nattbakka_server.Controllers.TransactionsController.Gettransaction (nattbakka-server) in 36.1865ms
2024-11-01 06:06:15.358 +01:00 [INF] Executed endpoint 'nattbakka_server.Controllers.TransactionsController.Gettransaction (nattbakka-server)'
2024-11-01 06:06:15.358 +01:00 [INF] Request finished HTTP/2 GET https://localhost:7066/api/Transactions - 200 null application/json; charset=utf-8 46.2632ms
2024-11-01 06:06:25.323 +01:00 [INF] Saved 1 entities to in-memory store.
2024-11-01 06:06:32.912 +01:00 [INF] Request starting HTTP/2 GET https://localhost:7066/api/Transactions - null null
2024-11-01 06:06:32.913 +01:00 [INF] Executing endpoint 'nattbakka_server.Controllers.TransactionsController.Gettransaction (nattbakka-server)'
2024-11-01 06:06:32.913 +01:00 [INF] Route matched with {action = "Gettransaction", controller = "Transactions"}. Executing controller action with signature System.Threading.Tasks.Task`1[Microsoft.AspNetCore.Mvc.ActionResult`1[System.Collections.Generic.IEnumerable`1[nattbakka_server.Models.Transaction]]] Gettransaction() on controller nattbakka_server.Controllers.TransactionsController (nattbakka-server).
2024-11-01 06:06:32.915 +01:00 [INF] Executing action method nattbakka_server.Controllers.TransactionsController.Gettransaction (nattbakka-server) - Validation state: "Valid"
2024-11-01 06:06:32.916 +01:00 [INF] Executed action method nattbakka_server.Controllers.TransactionsController.Gettransaction (nattbakka-server), returned result Microsoft.AspNetCore.Mvc.ObjectResult in 0.9983ms.
2024-11-01 06:06:32.916 +01:00 [INF] Executing ObjectResult, writing value of type 'System.Collections.Generic.List`1[[nattbakka_server.Models.Transaction, nattbakka-server, Version=1.0.0.0, Culture=neutral, PublicKeyToken=null]]'.
2024-11-01 06:06:32.931 +01:00 [INF] Executed action nattbakka_server.Controllers.TransactionsController.Gettransaction (nattbakka-server) in 18.0218ms
2024-11-01 06:06:32.932 +01:00 [INF] Executed endpoint 'nattbakka_server.Controllers.TransactionsController.Gettransaction (nattbakka-server)'
2024-11-01 06:06:32.932 +01:00 [INF] Request finished HTTP/2 GET https://localhost:7066/api/Transactions - 200 null application/json; charset=utf-8 19.7839ms
2024-11-01 06:06:41.240 +01:00 [INF] Request starting HTTP/2 GET https://localhost:7066/api/Transactions - null null
2024-11-01 06:06:41.241 +01:00 [INF] Executing endpoint 'nattbakka_server.Controllers.TransactionsController.Gettransaction (nattbakka-server)'
2024-11-01 06:06:41.241 +01:00 [INF] Route matched with {action = "Gettransaction", controller = "Transactions"}. Executing controller action with signature System.Threading.Tasks.Task`1[Microsoft.AspNetCore.Mvc.ActionResult`1[System.Collections.Generic.IEnumerable`1[nattbakka_server.Models.Transaction]]] Gettransaction() on controller nattbakka_server.Controllers.TransactionsController (nattbakka-server).
2024-11-01 06:06:41.242 +01:00 [INF] Executing action method nattbakka_server.Controllers.TransactionsController.Gettransaction (nattbakka-server) - Validation state: "Valid"
2024-11-01 06:06:41.243 +01:00 [INF] Executed action method nattbakka_server.Controllers.TransactionsController.Gettransaction (nattbakka-server), returned result Microsoft.AspNetCore.Mvc.ObjectResult in 1.2402ms.
2024-11-01 06:06:41.244 +01:00 [INF] Executing ObjectResult, writing value of type 'System.Collections.Generic.List`1[[nattbakka_server.Models.Transaction, nattbakka-server, Version=1.0.0.0, Culture=neutral, PublicKeyToken=null]]'.
2024-11-01 06:06:41.256 +01:00 [INF] Executed action nattbakka_server.Controllers.TransactionsController.Gettransaction (nattbakka-server) in 14.4103ms
2024-11-01 06:06:41.261 +01:00 [INF] Executed endpoint 'nattbakka_server.Controllers.TransactionsController.Gettransaction (nattbakka-server)'
2024-11-01 06:06:41.263 +01:00 [INF] Request finished HTTP/2 GET https://localhost:7066/api/Transactions - 200 null application/json; charset=utf-8 23.0947ms
2024-11-01 06:06:48.115 +01:00 [INF] Request starting HTTP/2 GET https://localhost:7066/api/Groups - null null
2024-11-01 06:06:48.116 +01:00 [INF] Executing endpoint 'nattbakka_server.Controllers.GroupsController.Getcex_group (nattbakka-server)'
2024-11-01 06:06:48.116 +01:00 [INF] Route matched with {action = "Getcex_group", controller = "Groups"}. Executing controller action with signature System.Threading.Tasks.Task`1[Microsoft.AspNetCore.Mvc.ActionResult`1[System.Collections.Generic.IEnumerable`1[nattbakka_server.Models.Group]]] Getcex_group() on controller nattbakka_server.Controllers.GroupsController (nattbakka-server).
2024-11-01 06:06:48.116 +01:00 [INF] Executing action method nattbakka_server.Controllers.GroupsController.Getcex_group (nattbakka-server) - Validation state: "Valid"
2024-11-01 06:06:48.117 +01:00 [INF] Executed action method nattbakka_server.Controllers.GroupsController.Getcex_group (nattbakka-server), returned result Microsoft.AspNetCore.Mvc.ObjectResult in 0.4437ms.
2024-11-01 06:06:48.117 +01:00 [INF] Executing ObjectResult, writing value of type 'System.Collections.Generic.List`1[[nattbakka_server.Models.Group, nattbakka-server, Version=1.0.0.0, Culture=neutral, PublicKeyToken=null]]'.
2024-11-01 06:06:48.118 +01:00 [INF] Executed action nattbakka_server.Controllers.GroupsController.Getcex_group (nattbakka-server) in 1.5851ms
2024-11-01 06:06:48.118 +01:00 [INF] Executed endpoint 'nattbakka_server.Controllers.GroupsController.Getcex_group (nattbakka-server)'
2024-11-01 06:06:48.118 +01:00 [INF] Request finished HTTP/2 GET https://localhost:7066/api/Groups - 200 null application/json; charset=utf-8 2.5406ms
2024-11-01 06:07:02.055 +01:00 [INF] Request starting HTTP/2 GET https://localhost:7066/api/Groups - null null
2024-11-01 06:07:02.055 +01:00 [INF] Executing endpoint 'nattbakka_server.Controllers.GroupsController.Getcex_group (nattbakka-server)'
2024-11-01 06:07:02.056 +01:00 [INF] Route matched with {action = "Getcex_group", controller = "Groups"}. Executing controller action with signature System.Threading.Tasks.Task`1[Microsoft.AspNetCore.Mvc.ActionResult`1[System.Collections.Generic.IEnumerable`1[nattbakka_server.Models.Group]]] Getcex_group() on controller nattbakka_server.Controllers.GroupsController (nattbakka-server).
2024-11-01 06:07:02.056 +01:00 [INF] Executing action method nattbakka_server.Controllers.GroupsController.Getcex_group (nattbakka-server) - Validation state: "Valid"
2024-11-01 06:07:02.057 +01:00 [INF] Executed action method nattbakka_server.Controllers.GroupsController.Getcex_group (nattbakka-server), returned result Microsoft.AspNetCore.Mvc.ObjectResult in 0.4012ms.
2024-11-01 06:07:02.057 +01:00 [INF] Executing ObjectResult, writing value of type 'System.Collections.Generic.List`1[[nattbakka_server.Models.Group, nattbakka-server, Version=1.0.0.0, Culture=neutral, PublicKeyToken=null]]'.
2024-11-01 06:07:02.057 +01:00 [INF] Executed action nattbakka_server.Controllers.GroupsController.Getcex_group (nattbakka-server) in 1.2004ms
2024-11-01 06:07:02.057 +01:00 [INF] Executed endpoint 'nattbakka_server.Controllers.GroupsController.Getcex_group (nattbakka-server)'
2024-11-01 06:07:02.057 +01:00 [INF] Request finished HTTP/2 GET https://localhost:7066/api/Groups - 200 null application/json; charset=utf-8 2.1ms
2024-11-01 06:07:21.383 +01:00 [INF] Request starting HTTP/2 GET https://localhost:7066/api/Groups - null null
2024-11-01 06:07:21.395 +01:00 [INF] Executing endpoint 'nattbakka_server.Controllers.GroupsController.Getcex_group (nattbakka-server)'
2024-11-01 06:07:21.395 +01:00 [INF] Route matched with {action = "Getcex_group", controller = "Groups"}. Executing controller action with signature System.Threading.Tasks.Task`1[Microsoft.AspNetCore.Mvc.ActionResult`1[System.Collections.Generic.IEnumerable`1[nattbakka_server.Models.Group]]] Getcex_group() on controller nattbakka_server.Controllers.GroupsController (nattbakka-server).
2024-11-01 06:07:21.396 +01:00 [INF] Executing action method nattbakka_server.Controllers.GroupsController.Getcex_group (nattbakka-server) - Validation state: "Valid"
2024-11-01 06:07:21.396 +01:00 [INF] Executed action method nattbakka_server.Controllers.GroupsController.Getcex_group (nattbakka-server), returned result Microsoft.AspNetCore.Mvc.ObjectResult in 0.4891ms.
2024-11-01 06:07:21.397 +01:00 [INF] Executing ObjectResult, writing value of type 'System.Collections.Generic.List`1[[nattbakka_server.Models.Group, nattbakka-server, Version=1.0.0.0, Culture=neutral, PublicKeyToken=null]]'.
2024-11-01 06:07:21.397 +01:00 [INF] Executed action nattbakka_server.Controllers.GroupsController.Getcex_group (nattbakka-server) in 1.59ms
2024-11-01 06:07:21.397 +01:00 [INF] Executed endpoint 'nattbakka_server.Controllers.GroupsController.Getcex_group (nattbakka-server)'
2024-11-01 06:07:21.397 +01:00 [INF] Request finished HTTP/2 GET https://localhost:7066/api/Groups - 200 null application/json; charset=utf-8 13.893ms
2024-11-01 06:07:23.309 +01:00 [INF] Saved 1 entities to in-memory store.
2024-11-01 06:07:27.197 +01:00 [INF] Request starting HTTP/2 GET https://localhost:7066/api/Groups - null null
2024-11-01 06:07:27.197 +01:00 [INF] Executing endpoint 'nattbakka_server.Controllers.GroupsController.Getcex_group (nattbakka-server)'
2024-11-01 06:07:27.198 +01:00 [INF] Route matched with {action = "Getcex_group", controller = "Groups"}. Executing controller action with signature System.Threading.Tasks.Task`1[Microsoft.AspNetCore.Mvc.ActionResult`1[System.Collections.Generic.IEnumerable`1[nattbakka_server.Models.Group]]] Getcex_group() on controller nattbakka_server.Controllers.GroupsController (nattbakka-server).
2024-11-01 06:07:27.198 +01:00 [INF] Executing action method nattbakka_server.Controllers.GroupsController.Getcex_group (nattbakka-server) - Validation state: "Valid"
2024-11-01 06:07:27.199 +01:00 [INF] Executed action method nattbakka_server.Controllers.GroupsController.Getcex_group (nattbakka-server), returned result Microsoft.AspNetCore.Mvc.ObjectResult in 0.7456ms.
2024-11-01 06:07:27.199 +01:00 [INF] Executing ObjectResult, writing value of type 'System.Collections.Generic.List`1[[nattbakka_server.Models.Group, nattbakka-server, Version=1.0.0.0, Culture=neutral, PublicKeyToken=null]]'.
2024-11-01 06:07:27.199 +01:00 [INF] Executed action nattbakka_server.Controllers.GroupsController.Getcex_group (nattbakka-server) in 1.7176ms
2024-11-01 06:07:27.199 +01:00 [INF] Executed endpoint 'nattbakka_server.Controllers.GroupsController.Getcex_group (nattbakka-server)'
2024-11-01 06:07:27.200 +01:00 [INF] Request finished HTTP/2 GET https://localhost:7066/api/Groups - 200 null application/json; charset=utf-8 2.6438ms
2024-11-01 06:07:30.147 +01:00 [INF] Request starting HTTP/2 GET https://localhost:7066/api/Transactions - null null
2024-11-01 06:07:30.148 +01:00 [INF] Executing endpoint 'nattbakka_server.Controllers.TransactionsController.Gettransaction (nattbakka-server)'
2024-11-01 06:07:30.148 +01:00 [INF] Route matched with {action = "Gettransaction", controller = "Transactions"}. Executing controller action with signature System.Threading.Tasks.Task`1[Microsoft.AspNetCore.Mvc.ActionResult`1[System.Collections.Generic.IEnumerable`1[nattbakka_server.Models.Transaction]]] Gettransaction() on controller nattbakka_server.Controllers.TransactionsController (nattbakka-server).
2024-11-01 06:07:30.149 +01:00 [INF] Executing action method nattbakka_server.Controllers.TransactionsController.Gettransaction (nattbakka-server) - Validation state: "Valid"
2024-11-01 06:07:30.149 +01:00 [INF] Executed action method nattbakka_server.Controllers.TransactionsController.Gettransaction (nattbakka-server), returned result Microsoft.AspNetCore.Mvc.ObjectResult in 0.6704ms.
2024-11-01 06:07:30.150 +01:00 [INF] Executing ObjectResult, writing value of type 'System.Collections.Generic.List`1[[nattbakka_server.Models.Transaction, nattbakka-server, Version=1.0.0.0, Culture=neutral, PublicKeyToken=null]]'.
2024-11-01 06:07:30.151 +01:00 [INF] Executed action nattbakka_server.Controllers.TransactionsController.Gettransaction (nattbakka-server) in 2.5707ms
2024-11-01 06:07:30.151 +01:00 [INF] Executed endpoint 'nattbakka_server.Controllers.TransactionsController.Gettransaction (nattbakka-server)'
2024-11-01 06:07:30.151 +01:00 [INF] Request finished HTTP/2 GET https://localhost:7066/api/Transactions - 200 null application/json; charset=utf-8 3.8176ms
2024-11-01 06:07:57.174 +01:00 [INF] Application is shutting down...
2024-11-01 06:11:49.272 +01:00 [INF] Executed DbCommand (517ms) [Parameters=[], CommandType='"Text"', CommandTimeout='30']
SELECT `c`.`id`, `c`.`active`, `c`.`address`, `c`.`name`
FROM `cex` AS `c`
WHERE `c`.`active`
2024-11-01 06:11:54.855 +01:00 [INF] GroupService running.
2024-11-01 06:11:54.927 +01:00 [INF] Executed DbCommand (4ms) [Parameters=[], CommandType='"Text"', CommandTimeout='30']
SELECT `c`.`id`, `c`.`active`, `c`.`address`, `c`.`name`
FROM `cex` AS `c`
WHERE `c`.`active`
2024-11-01 06:11:55.154 +01:00 [INF] Now listening on: https://localhost:7066
2024-11-01 06:11:55.154 +01:00 [INF] Now listening on: http://localhost:5168
2024-11-01 06:11:55.155 +01:00 [INF] Application started. Press Ctrl+C to shut down.
2024-11-01 06:11:55.156 +01:00 [INF] Hosting environment: Development
2024-11-01 06:11:55.156 +01:00 [INF] Content root path: C:\Users\kvist\solana\nattbakka\nattbakka-server
2024-11-01 06:11:59.928 +01:00 [INF] Request starting HTTP/2 GET https://localhost:7066/swagger/index.html - null null
2024-11-01 06:12:00.224 +01:00 [INF] Request finished HTTP/2 GET https://localhost:7066/swagger/index.html - 200 null text/html;charset=utf-8 298.1438ms
2024-11-01 06:12:00.322 +01:00 [INF] Request starting HTTP/2 GET https://localhost:7066/swagger/index.js - null null
2024-11-01 06:12:00.326 +01:00 [INF] Request finished HTTP/2 GET https://localhost:7066/swagger/index.js - 200 null application/javascript;charset=utf-8 5.0851ms
2024-11-01 06:12:02.069 +01:00 [INF] Request starting HTTP/2 GET https://localhost:7066/swagger/v1/swagger.json - null null
2024-11-01 06:12:02.398 +01:00 [INF] Request finished HTTP/2 GET https://localhost:7066/swagger/v1/swagger.json - 200 null application/json;charset=utf-8 329.526ms
2024-11-01 06:12:22.446 +01:00 [INF] Application is shutting down...
2024-11-01 06:16:39.602 +01:00 [INF] Executed DbCommand (208ms) [Parameters=[], CommandType='"Text"', CommandTimeout='30']
SELECT `c`.`id`, `c`.`active`, `c`.`address`, `c`.`name`
FROM `cex` AS `c`
WHERE `c`.`active`
2024-11-01 06:16:44.834 +01:00 [INF] GroupService running.
2024-11-01 06:16:45.449 +01:00 [INF] Executed DbCommand (375ms) [Parameters=[], CommandType='"Text"', CommandTimeout='30']
SELECT `c`.`id`, `c`.`active`, `c`.`address`, `c`.`name`
FROM `cex` AS `c`
WHERE `c`.`active`
2024-11-01 06:16:45.697 +01:00 [INF] Now listening on: https://localhost:7066
2024-11-01 06:16:45.697 +01:00 [INF] Now listening on: http://localhost:5168
2024-11-01 06:16:45.698 +01:00 [INF] Application started. Press Ctrl+C to shut down.
2024-11-01 06:16:45.698 +01:00 [INF] Hosting environment: Development
2024-11-01 06:16:45.698 +01:00 [INF] Content root path: C:\Users\kvist\solana\nattbakka\nattbakka-server
2024-11-01 06:16:46.161 +01:00 [INF] Request starting HTTP/2 GET https://localhost:7066/swagger/index.html - null null
2024-11-01 06:16:46.542 +01:00 [INF] Request finished HTTP/2 GET https://localhost:7066/swagger/index.html - 200 null text/html;charset=utf-8 384.8706ms
2024-11-01 06:16:46.787 +01:00 [INF] Request starting HTTP/2 GET https://localhost:7066/swagger/index.js - null null
2024-11-01 06:16:46.796 +01:00 [INF] Request finished HTTP/2 GET https://localhost:7066/swagger/index.js - 200 null application/javascript;charset=utf-8 9.5711ms
2024-11-01 06:16:51.042 +01:00 [INF] Request starting HTTP/2 GET https://localhost:7066/swagger/v1/swagger.json - null null
2024-11-01 06:16:51.939 +01:00 [INF] Request finished HTTP/2 GET https://localhost:7066/swagger/v1/swagger.json - 200 null application/json;charset=utf-8 895.999ms
2024-11-01 06:17:13.067 +01:00 [INF] Saved 1 entities to in-memory store.
2024-11-01 06:17:13.067 +01:00 [INF] Saved 1 entities to in-memory store.
2024-11-01 06:17:13.067 +01:00 [INF] Saved 1 entities to in-memory store.
2024-11-01 06:17:13.067 +01:00 [INF] Saved 1 entities to in-memory store.
2024-11-01 06:17:19.373 +01:00 [INF] Saved 1 entities to in-memory store.
2024-11-01 06:17:19.566 +01:00 [INF] Application is shutting down...
