2024-11-06 18:49:28.847 +01:00 [INF] Executed DbCommand (350ms) [Parameters=[], CommandType='"Text"', CommandTimeout='30']
SELECT `c`.`id`, `c`.`active`, `c`.`address`, `c`.`name`
FROM `Cex` AS `c`
WHERE `c`.`active`
2024-11-06 18:49:34.335 +01:00 [INF] Saved 1 entities to in-memory store.
2024-11-06 18:49:36.379 +01:00 [INF] GroupService running.
2024-11-06 18:49:36.404 +01:00 [INF] Executed DbCommand (1ms) [Parameters=[], CommandType='"Text"', CommandTimeout='30']
SELECT `c`.`id`, `c`.`active`, `c`.`address`, `c`.`name`
FROM `Cex` AS `c`
WHERE `c`.`active`
2024-11-06 18:49:36.526 +01:00 [INF] Now listening on: https://localhost:7066
2024-11-06 18:49:36.527 +01:00 [INF] Now listening on: http://localhost:5168
2024-11-06 18:49:36.527 +01:00 [INF] Application started. Press Ctrl+C to shut down.
2024-11-06 18:49:36.528 +01:00 [INF] Hosting environment: Development
2024-11-06 18:49:36.528 +01:00 [INF] Content root path: C:\Users\kvist\solana\nattbakka\nattbakka-server
2024-11-06 18:49:38.026 +01:00 [INF] Saved 1 entities to in-memory store.
2024-11-06 18:49:38.929 +01:00 [INF] Saved 1 entities to in-memory store.
2024-11-06 18:49:39.943 +01:00 [INF] Saved 1 entities to in-memory store.
2024-11-06 18:49:40.489 +01:00 [INF] Request starting HTTP/2 GET https://localhost:7066/swagger - null null
2024-11-06 18:49:40.583 +01:00 [INF] Request finished HTTP/2 GET https://localhost:7066/swagger - 301 0 null 98.3036ms
2024-11-06 18:49:40.593 +01:00 [INF] Request starting HTTP/2 GET https://localhost:7066/swagger/index.html - null null
2024-11-06 18:49:40.719 +01:00 [INF] Request finished HTTP/2 GET https://localhost:7066/swagger/index.html - 200 null text/html;charset=utf-8 125.465ms
2024-11-06 18:49:40.804 +01:00 [INF] Request starting HTTP/2 GET https://localhost:7066/swagger/swagger-ui.css - null null
2024-11-06 18:49:40.805 +01:00 [INF] Request starting HTTP/2 GET https://localhost:7066/swagger/index.css - null null
2024-11-06 18:49:40.805 +01:00 [INF] Request starting HTTP/2 GET https://localhost:7066/swagger/swagger-ui-standalone-preset.js - null null
2024-11-06 18:49:40.805 +01:00 [INF] Request starting HTTP/2 GET https://localhost:7066/swagger/swagger-ui-bundle.js - null null
2024-11-06 18:49:40.807 +01:00 [INF] Request starting HTTP/2 GET https://localhost:7066/swagger/index.js - null null
2024-11-06 18:49:40.815 +01:00 [INF] Request finished HTTP/2 GET https://localhost:7066/swagger/index.js - 200 null application/javascript;charset=utf-8 7.9567ms
2024-11-06 18:49:40.840 +01:00 [INF] Sending file. Request path: '/index.css'. Physical path: 'N/A'
2024-11-06 18:49:40.841 +01:00 [INF] Request finished HTTP/2 GET https://localhost:7066/swagger/index.css - 200 202 text/css 35.7609ms
2024-11-06 18:49:40.874 +01:00 [INF] Sending file. Request path: '/swagger-ui-standalone-preset.js'. Physical path: 'N/A'
2024-11-06 18:49:40.874 +01:00 [INF] Sending file. Request path: '/swagger-ui.css'. Physical path: 'N/A'
2024-11-06 18:49:40.882 +01:00 [INF] Request finished HTTP/2 GET https://localhost:7066/swagger/swagger-ui.css - 200 152034 text/css 78.1458ms
2024-11-06 18:49:40.882 +01:00 [INF] Request finished HTTP/2 GET https://localhost:7066/swagger/swagger-ui-standalone-preset.js - 200 230293 text/javascript 76.7032ms
2024-11-06 18:49:40.901 +01:00 [INF] Sending file. Request path: '/swagger-ui-bundle.js'. Physical path: 'N/A'
2024-11-06 18:49:40.902 +01:00 [INF] Request finished HTTP/2 GET https://localhost:7066/swagger/swagger-ui-bundle.js - 200 1452753 text/javascript 96.6089ms
2024-11-06 18:49:42.440 +01:00 [INF] Request starting HTTP/2 GET https://localhost:7066/swagger/favicon-32x32.png - null null
2024-11-06 18:49:42.441 +01:00 [INF] Sending file. Request path: '/favicon-32x32.png'. Physical path: 'N/A'
2024-11-06 18:49:42.441 +01:00 [INF] Request finished HTTP/2 GET https://localhost:7066/swagger/favicon-32x32.png - 200 628 image/png 1.1084ms
2024-11-06 18:49:44.087 +01:00 [INF] Request starting HTTP/2 GET https://localhost:7066/swagger/v1/swagger.json - null null
2024-11-06 18:49:44.305 +01:00 [INF] Request finished HTTP/2 GET https://localhost:7066/swagger/v1/swagger.json - 200 null application/json;charset=utf-8 217.4833ms
2024-11-06 18:49:44.412 +01:00 [INF] Saved 1 entities to in-memory store.
2024-11-06 18:49:44.571 +01:00 [INF] Saved 1 entities to in-memory store.
2024-11-06 18:49:44.597 +01:00 [INF] Saved 1 entities to in-memory store.
2024-11-06 18:49:51.233 +01:00 [INF] Saved 1 entities to in-memory store.
2024-11-06 18:49:51.829 +01:00 [INF] Saved 1 entities to in-memory store.
2024-11-06 18:49:51.972 +01:00 [INF] Saved 1 entities to in-memory store.
2024-11-06 18:49:53.945 +01:00 [INF] Saved 1 entities to in-memory store.
2024-11-06 18:49:54.172 +01:00 [INF] Saved 1 entities to in-memory store.
2024-11-06 18:49:55.152 +01:00 [INF] Saved 1 entities to in-memory store.
2024-11-06 18:49:59.893 +01:00 [INF] Saved 1 entities to in-memory store.
2024-11-06 18:50:00.832 +01:00 [INF] Saved 1 entities to in-memory store.
2024-11-06 18:50:00.848 +01:00 [INF] Saved 1 entities to in-memory store.
2024-11-06 18:50:03.877 +01:00 [INF] Saved 1 entities to in-memory store.
2024-11-06 18:50:03.883 +01:00 [INF] Saved 1 entities to in-memory store.
2024-11-06 18:50:07.639 +01:00 [INF] Saved 1 entities to in-memory store.
2024-11-06 18:50:07.933 +01:00 [INF] Saved 1 entities to in-memory store.
2024-11-06 18:50:09.063 +01:00 [INF] Saved 1 entities to in-memory store.
2024-11-06 18:50:14.078 +01:00 [INF] Saved 1 entities to in-memory store.
2024-11-06 18:50:16.100 +01:00 [INF] Saved 1 entities to in-memory store.
2024-11-06 18:50:17.918 +01:00 [INF] Saved 1 entities to in-memory store.
2024-11-06 18:50:19.366 +01:00 [INF] Saved 1 entities to in-memory store.
2024-11-06 18:50:22.038 +01:00 [INF] Saved 1 entities to in-memory store.
2024-11-06 18:50:28.922 +01:00 [INF] Saved 1 entities to in-memory store.
2024-11-06 18:50:33.989 +01:00 [INF] Saved 1 entities to in-memory store.
2024-11-06 18:50:34.090 +01:00 [INF] Saved 1 entities to in-memory store.
2024-11-06 18:50:39.631 +01:00 [INF] Saved 1 entities to in-memory store.
2024-11-06 18:50:45.769 +01:00 [INF] Saved 1 entities to in-memory store.
2024-11-06 18:50:51.295 +01:00 [INF] Saved 1 entities to in-memory store.
2024-11-06 18:50:54.871 +01:00 [INF] Saved 1 entities to in-memory store.
2024-11-06 18:50:55.650 +01:00 [INF] Saved 1 entities to in-memory store.
2024-11-06 18:50:59.461 +01:00 [INF] Saved 1 entities to in-memory store.
2024-11-06 18:50:59.498 +01:00 [INF] Saved 1 entities to in-memory store.
2024-11-06 18:50:59.582 +01:00 [INF] Saved 1 entities to in-memory store.
2024-11-06 18:51:00.780 +01:00 [INF] Saved 1 entities to in-memory store.
2024-11-06 18:51:01.975 +01:00 [INF] Saved 1 entities to in-memory store.
2024-11-06 18:51:03.526 +01:00 [INF] Saved 1 entities to in-memory store.
2024-11-06 18:51:03.536 +01:00 [INF] Saved 1 entities to in-memory store.
2024-11-06 18:51:04.989 +01:00 [INF] Saved 1 entities to in-memory store.
2024-11-06 18:51:04.991 +01:00 [INF] Saved 1 entities to in-memory store.
2024-11-06 18:51:04.994 +01:00 [INF] Saved 1 entities to in-memory store.
2024-11-06 18:51:09.759 +01:00 [INF] Saved 1 entities to in-memory store.
2024-11-06 18:51:09.772 +01:00 [INF] Saved 1 entities to in-memory store.
2024-11-06 18:51:09.781 +01:00 [INF] Saved 1 entities to in-memory store.
2024-11-06 18:51:10.603 +01:00 [INF] Saved 1 entities to in-memory store.
2024-11-06 18:51:13.491 +01:00 [INF] Saved 1 entities to in-memory store.
2024-11-06 18:51:14.334 +01:00 [INF] Saved 1 entities to in-memory store.
2024-11-06 18:51:15.016 +01:00 [INF] Saved 1 entities to in-memory store.
2024-11-06 18:51:15.134 +01:00 [INF] Saved 1 entities to in-memory store.
2024-11-06 18:51:15.316 +01:00 [INF] Saved 1 entities to in-memory store.
2024-11-06 18:51:16.932 +01:00 [INF] Saved 1 entities to in-memory store.
2024-11-06 18:51:19.020 +01:00 [INF] Saved 1 entities to in-memory store.
2024-11-06 18:51:19.022 +01:00 [INF] Saved 1 entities to in-memory store.
2024-11-06 18:51:19.733 +01:00 [INF] Saved 1 entities to in-memory store.
2024-11-06 18:51:20.256 +01:00 [INF] Saved 1 entities to in-memory store.
2024-11-06 18:51:21.234 +01:00 [INF] Saved 1 entities to in-memory store.
2024-11-06 18:51:22.817 +01:00 [INF] Saved 1 entities to in-memory store.
2024-11-06 18:51:25.791 +01:00 [INF] Saved 1 entities to in-memory store.
2024-11-06 18:51:27.231 +01:00 [INF] Saved 1 entities to in-memory store.
2024-11-06 18:51:30.032 +01:00 [INF] Saved 1 entities to in-memory store.
2024-11-06 18:51:30.170 +01:00 [INF] Saved 1 entities to in-memory store.
2024-11-06 18:51:30.405 +01:00 [INF] Saved 1 entities to in-memory store.
2024-11-06 18:51:30.449 +01:00 [INF] Saved 1 entities to in-memory store.
2024-11-06 18:51:31.345 +01:00 [INF] Saved 1 entities to in-memory store.
2024-11-06 18:51:31.824 +01:00 [INF] Saved 1 entities to in-memory store.
2024-11-06 18:51:33.085 +01:00 [INF] Saved 1 entities to in-memory store.
2024-11-06 18:51:35.736 +01:00 [INF] Saved 1 entities to in-memory store.
2024-11-06 18:51:41.164 +01:00 [INF] Saved 1 entities to in-memory store.
2024-11-06 18:51:42.737 +01:00 [INF] Saved 1 entities to in-memory store.
2024-11-06 18:51:45.012 +01:00 [INF] Saved 1 entities to in-memory store.
2024-11-06 18:51:50.425 +01:00 [INF] Saved 1 entities to in-memory store.
2024-11-06 18:51:52.331 +01:00 [INF] Saved 1 entities to in-memory store.
2024-11-06 18:51:54.012 +01:00 [INF] Saved 1 entities to in-memory store.
2024-11-06 18:51:55.914 +01:00 [INF] Saved 1 entities to in-memory store.
2024-11-06 18:51:57.254 +01:00 [INF] Saved 1 entities to in-memory store.
2024-11-06 18:52:01.693 +01:00 [INF] Saved 1 entities to in-memory store.
2024-11-06 18:52:05.500 +01:00 [INF] Saved 1 entities to in-memory store.
2024-11-06 18:52:08.016 +01:00 [INF] Saved 1 entities to in-memory store.
2024-11-06 18:52:08.242 +01:00 [INF] Saved 1 entities to in-memory store.
2024-11-06 18:52:09.135 +01:00 [INF] Saved 1 entities to in-memory store.
2024-11-06 18:52:10.375 +01:00 [INF] Saved 1 entities to in-memory store.
2024-11-06 18:52:11.451 +01:00 [INF] Saved 1 entities to in-memory store.
2024-11-06 18:52:11.543 +01:00 [INF] Saved 1 entities to in-memory store.
2024-11-06 18:52:13.709 +01:00 [INF] Saved 1 entities to in-memory store.
2024-11-06 18:52:14.386 +01:00 [INF] Saved 1 entities to in-memory store.
2024-11-06 18:52:15.933 +01:00 [INF] Saved 1 entities to in-memory store.
2024-11-06 18:52:17.015 +01:00 [INF] Saved 1 entities to in-memory store.
2024-11-06 18:52:17.199 +01:00 [INF] Saved 1 entities to in-memory store.
2024-11-06 18:52:26.219 +01:00 [INF] Saved 1 entities to in-memory store.
2024-11-06 18:52:27.995 +01:00 [INF] Saved 1 entities to in-memory store.
2024-11-06 18:52:33.153 +01:00 [INF] Saved 1 entities to in-memory store.
2024-11-06 18:52:33.303 +01:00 [INF] Saved 1 entities to in-memory store.
2024-11-06 18:52:34.848 +01:00 [INF] Saved 1 entities to in-memory store.
2024-11-06 18:52:34.942 +01:00 [INF] Saved 1 entities to in-memory store.
2024-11-06 18:52:34.955 +01:00 [INF] Saved 1 entities to in-memory store.
2024-11-06 18:52:34.968 +01:00 [INF] Saved 1 entities to in-memory store.
2024-11-06 18:52:36.204 +01:00 [INF] Saved 1 entities to in-memory store.
2024-11-06 18:52:36.737 +01:00 [INF] Saved 1 entities to in-memory store.
2024-11-06 18:52:36.803 +01:00 [INF] Saved 5 entities to in-memory store.
2024-11-06 18:52:37.405 +01:00 [INF] Executed DbCommand (119ms) [Parameters=[@p0='?' (Size = 255), @p1='?' (Size = 4000), @p2='?' (DbType = Int32), @p3='?' (Size = 4000), @p4='?' (DbType = Double), @p5='?' (DbType = Boolean), @p6='?' (DbType = DateTime), @p7='?' (Size = 4000), @p8='?' (Size = 255), @p9='?' (Size = 4000), @p10='?' (DbType = Int32), @p11='?' (Size = 4000), @p12='?' (DbType = Double), @p13='?' (DbType = Boolean), @p14='?' (DbType = DateTime), @p15='?' (Size = 4000), @p16='?' (Size = 255), @p17='?' (Size = 4000), @p18='?' (DbType = Int32), @p19='?' (Size = 4000), @p20='?' (DbType = Double), @p21='?' (DbType = Boolean), @p22='?' (DbType = DateTime), @p23='?' (Size = 4000), @p24='?' (Size = 255), @p25='?' (Size = 4000), @p26='?' (DbType = Int32), @p27='?' (Size = 4000), @p28='?' (DbType = Double), @p29='?' (DbType = Boolean), @p30='?' (DbType = DateTime), @p31='?' (Size = 4000), @p32='?' (Size = 255), @p33='?' (Size = 4000), @p34='?' (DbType = Int32), @p35='?' (Size = 4000), @p36='?' (DbType = Double), @p37='?' (DbType = Boolean), @p38='?' (DbType = DateTime), @p39='?' (Size = 4000)], CommandType='"Text"', CommandTimeout='30']
SET AUTOCOMMIT = 1;
INSERT INTO `Transaction` (`Id`, `Address`, `CexId`, `GroupId`, `Sol`, `SolChanged`, `Timestamp`, `Tx`)
VALUES (@p0, @p1, @p2, @p3, @p4, @p5, @p6, @p7),
(@p8, @p9, @p10, @p11, @p12, @p13, @p14, @p15),
(@p16, @p17, @p18, @p19, @p20, @p21, @p22, @p23),
(@p24, @p25, @p26, @p27, @p28, @p29, @p30, @p31),
(@p32, @p33, @p34, @p35, @p36, @p37, @p38, @p39);
2024-11-06 18:52:41.311 +01:00 [INF] Saved 1 entities to in-memory store.
2024-11-06 18:52:43.762 +01:00 [INF] Saved 1 entities to in-memory store.
2024-11-06 18:52:44.839 +01:00 [INF] Saved 1 entities to in-memory store.
2024-11-06 18:52:44.839 +01:00 [INF] Saved 1 entities to in-memory store.
2024-11-06 18:52:48.674 +01:00 [INF] Saved 1 entities to in-memory store.
2024-11-06 18:52:49.932 +01:00 [INF] Saved 1 entities to in-memory store.
2024-11-06 18:52:53.517 +01:00 [INF] Saved 1 entities to in-memory store.
2024-11-06 18:52:54.660 +01:00 [INF] Saved 1 entities to in-memory store.
2024-11-06 18:52:54.780 +01:00 [INF] Saved 1 entities to in-memory store.
2024-11-06 18:52:54.905 +01:00 [INF] Saved 1 entities to in-memory store.
2024-11-06 18:52:59.949 +01:00 [INF] Saved 1 entities to in-memory store.
2024-11-06 18:53:00.060 +01:00 [INF] Saved 1 entities to in-memory store.
2024-11-06 18:53:03.818 +01:00 [INF] Saved 1 entities to in-memory store.
2024-11-06 18:53:04.949 +01:00 [INF] Saved 1 entities to in-memory store.
2024-11-06 18:53:07.432 +01:00 [INF] GroupId: a0d6bc73-788c-4563-98c6-a727c5ea7d23 - Addres: BMSxWheVWFhP8TB14xmosyc37G7s8kpux9TpsrrXvEPL - Sol: 1,13 - Cex: 6 - Timestamp: 2024-11-06 18:52:33
2024-11-06 18:53:07.433 +01:00 [INF] GroupId: a0d6bc73-788c-4563-98c6-a727c5ea7d23 - Addres: HDYcniubsW6bsxSVoqrvtsveRoaKG5bfJvP25FQbfZPB - Sol: 1,13 - Cex: 6 - Timestamp: 2024-11-06 18:52:34
2024-11-06 18:53:07.433 +01:00 [INF] GroupId: a0d6bc73-788c-4563-98c6-a727c5ea7d23 - Addres: FSwuQXFaCVd2HGgSjqNdxB2PiQYpvCs6QEnijP44cyd8 - Sol: 1,13 - Cex: 6 - Timestamp: 2024-11-06 18:52:34
2024-11-06 18:53:07.433 +01:00 [INF] GroupId: a0d6bc73-788c-4563-98c6-a727c5ea7d23 - Addres: EjwdemB1wyTxoHvm7VFH1cNYbbRBvcjoipXsx7xoXkwT - Sol: 1,13 - Cex: 6 - Timestamp: 2024-11-06 18:52:34
2024-11-06 18:53:07.433 +01:00 [INF] GroupId: a0d6bc73-788c-4563-98c6-a727c5ea7d23 - Addres: BeD29wacqY3i3LUi5TcPrWuhgzRiGjUEP8RhCRf86cXL - Sol: 1,13 - Cex: 6 - Timestamp: 2024-11-06 18:52:34
2024-11-06 18:53:07.443 +01:00 [INF] Saved 1 entities to in-memory store.
2024-11-06 18:53:07.470 +01:00 [INF] Executed DbCommand (12ms) [Parameters=[@p0='?' (Size = 255), @p1='?' (Size = 4000), @p2='?' (DbType = Int32), @p3='?' (Size = 4000), @p4='?' (DbType = Double), @p5='?' (DbType = Boolean), @p6='?' (DbType = DateTime), @p7='?' (Size = 4000)], CommandType='"Text"', CommandTimeout='30']
SET AUTOCOMMIT = 1;
INSERT INTO `Transaction` (`Id`, `Address`, `CexId`, `GroupId`, `Sol`, `SolChanged`, `Timestamp`, `Tx`)
VALUES (@p0, @p1, @p2, @p3, @p4, @p5, @p6, @p7);
2024-11-06 18:53:07.473 +01:00 [INF] Saved 1 entities to in-memory store.
2024-11-06 18:53:07.485 +01:00 [INF] Executed DbCommand (10ms) [Parameters=[@p0='?' (Size = 255), @p1='?' (Size = 4000), @p2='?' (DbType = Int32), @p3='?' (Size = 4000), @p4='?' (DbType = Double), @p5='?' (DbType = Boolean), @p6='?' (DbType = DateTime), @p7='?' (Size = 4000)], CommandType='"Text"', CommandTimeout='30']
SET AUTOCOMMIT = 1;
INSERT INTO `Transaction` (`Id`, `Address`, `CexId`, `GroupId`, `Sol`, `SolChanged`, `Timestamp`, `Tx`)
VALUES (@p0, @p1, @p2, @p3, @p4, @p5, @p6, @p7);
2024-11-06 18:53:09.057 +01:00 [INF] Saved 1 entities to in-memory store.
2024-11-06 18:53:09.674 +01:00 [INF] Saved 1 entities to in-memory store.
2024-11-06 18:53:12.061 +01:00 [INF] Saved 1 entities to in-memory store.
2024-11-06 18:53:13.052 +01:00 [INF] Saved 1 entities to in-memory store.
2024-11-06 18:53:14.860 +01:00 [INF] Saved 1 entities to in-memory store.
2024-11-06 18:53:17.876 +01:00 [INF] Saved 1 entities to in-memory store.
2024-11-06 18:53:17.975 +01:00 [INF] Saved 1 entities to in-memory store.
2024-11-06 18:53:23.145 +01:00 [INF] Saved 1 entities to in-memory store.
2024-11-06 18:53:23.230 +01:00 [INF] Saved 1 entities to in-memory store.
2024-11-06 18:53:24.525 +01:00 [INF] Saved 1 entities to in-memory store.
2024-11-06 18:53:25.593 +01:00 [INF] Saved 1 entities to in-memory store.
2024-11-06 18:53:27.921 +01:00 [INF] Application is shutting down...
